Using pre-set license
Built from '2020.3/staging' branch; Version is '2020.3.4f1 (0abb6314276a) revision 703331'; Using compiler version '192528614'; Build Type 'Release'
OS: 'Windows 10 Pro; OS build 22000.675; Version 2009; 64bit' Language: 'es' Physical Memory: 16332 MB
BatchMode: 1, IsHumanControllingUs: 0, StartBugReporterOnCrash: 0, Is64bit: 1, IsPro: 0

 COMMAND LINE ARGUMENTS:
C:\Program Files\Unity\Hub\Editor\2020.3.4f1\Editor\Unity.exe
-adb2
-batchMode
-noUpm
-name
AssetImportWorker0
-projectPath
C:/Users/Patricia/Documents/VR-recycling
-logFile
Logs/AssetImportWorker0.log
-srvPort
60250
Successfully changed project path to: C:/Users/Patricia/Documents/VR-recycling
C:/Users/Patricia/Documents/VR-recycling
Using Asset Import Pipeline V2.
Refreshing native plugins compatible for Editor in 60.91 ms, found 8 plugins.
Preloading 1 native plugins for Editor in 0.67 ms.
Initialize engine version: 2020.3.4f1 (0abb6314276a)
[Subsystems] Discovering subsystems at path C:/Program Files/Unity/Hub/Editor/2020.3.4f1/Editor/Data/Resources/UnitySubsystems
[Subsystems] Discovering subsystems at path C:/Users/Patricia/Documents/VR-recycling/Assets
GfxDevice: creating device client; threaded=0
Direct3D:
    Version:  Direct3D 11.0 [level 11.1]
    Renderer: NVIDIA GeForce RTX 2060 (ID=0x1f08)
    Vendor:   
    VRAM:     5980 MB
    Driver:   31.0.15.1640
Shader 'Universal Render Pipeline/Particles/Lit': fallback shader 'Universal Render Pipeline/Particles/SimpleLit' not found
Initialize mono
Mono path[0] = 'C:/Program Files/Unity/Hub/Editor/2020.3.4f1/Editor/Data/Managed'
Mono path[1] = 'C:/Program Files/Unity/Hub/Editor/2020.3.4f1/Editor/Data/MonoBleedingEdge/lib/mono/unityjit'
Mono config path = 'C:/Program Files/Unity/Hub/Editor/2020.3.4f1/Editor/Data/MonoBleedingEdge/etc'
Using monoOptions --debugger-agent=transport=dt_socket,embedding=1,server=y,suspend=n,address=127.0.0.1:56104
Begin MonoManager ReloadAssembly
Registering precompiled unity dll's ...
Register platform support module: C:/Program Files/Unity/Hub/Editor/2020.3.4f1/Editor/Data/PlaybackEngines/WindowsStandaloneSupport/UnityEditor.WindowsStandalone.Extensions.dll
Registered in 0.001128 seconds.
Native extension for WindowsStandalone target not found
Refreshing native plugins compatible for Editor in 53.69 ms, found 8 plugins.
Preloading 1 native plugins for Editor in 0.08 ms.
Mono: successfully reloaded assembly
- Completed reload, in  1.757 seconds
Platform modules already initialized, skipping
Registering precompiled user dll's ...
Registered in 0.003776 seconds.
Begin MonoManager ReloadAssembly
Native extension for WindowsStandalone target not found
Refreshing native plugins compatible for Editor in 54.58 ms, found 8 plugins.
Preloading 1 native plugins for Editor in 0.07 ms.
[XR] OculusXRPlugin: registering subsystems
[XR] Unable to register display lifecyle provider: [1]
[XR] Oculus Input lifecycle provider registered.
[XR] Unable to register input lifecyle provider: [1]
NullReferenceException: Object reference not set to an instance of an object
  at Unity.XR.Oculus.OculusLoader.AssetPathToAbsolutePath (System.String assetPath) [0x00048] in C:\Users\Patricia\Documents\VR-recycling\Library\PackageCache\com.unity.xr.oculus@1.9.1\Runtime\OculusLoader.cs:249 
  at Unity.XR.Oculus.OculusLoader.EditorLoadOVRPlugin () [0x0007b] in C:\Users\Patricia\Documents\VR-recycling\Library\PackageCache\com.unity.xr.oculus@1.9.1\Runtime\OculusLoader.cs:234 

(Filename: Library/PackageCache/com.unity.xr.oculus@1.9.1/Runtime/OculusLoader.cs Line: 249)

Mono: successfully reloaded assembly
- Completed reload, in  0.911 seconds
Platform modules already initialized, skipping
========================================================================
Worker process is ready to serve import requests
Shader 'Universal Render Pipeline/Particles/Lit': fallback shader 'Universal Render Pipeline/Particles/SimpleLit' not found
Launched and connected shader compiler UnityShaderCompiler.exe after 0.03 seconds
Refreshing native plugins compatible for Editor in 0.74 ms, found 8 plugins.
Preloading 1 native plugins for Editor in 0.07 ms.
Unloading 3219 Unused Serialized files (Serialized files now loaded: 0)
System memory in use before: 143.9 MB.
System memory in use after: 143.9 MB.

Unloading 28 unused Assets to reduce memory usage. Loaded Objects now: 3660.
Total: 2.350300 ms (FindLiveObjects: 0.362300 ms CreateObjectMapping: 0.090900 ms MarkObjects: 1.816900 ms  DeleteObjects: 0.078800 ms)

========================================================================
Received Import Request.
  path: Assets/Material/yellow.mat
  artifactKey: Guid(1b7ee3f94c35c8743996811c06b39247) Importer(815301076,1909f56bfc062723c751e8b465ee728b)
Start importing Assets/Material/yellow.mat using Guid(1b7ee3f94c35c8743996811c06b39247) Importer(815301076,1909f56bfc062723c751e8b465ee728b)  -> (artifact id: '13b91562bfd7afe0a1d5f895038b1b8a') in 0.065755 seconds
  Import took 0.070378 seconds .

========================================================================
Received Import Request.
  Time since last request: 0.000153 seconds.
  path: Assets/Material/white.mat
  artifactKey: Guid(cb4bf6336d55cfc4e80236b54a32b0f7) Importer(815301076,1909f56bfc062723c751e8b465ee728b)
Start importing Assets/Material/white.mat using Guid(cb4bf6336d55cfc4e80236b54a32b0f7) Importer(815301076,1909f56bfc062723c751e8b465ee728b)  -> (artifact id: 'fd6f60412dd400e4f18b10e906a21a4d') in 0.010915 seconds
  Import took 0.015780 seconds .

========================================================================
Received Import Request.
  Time since last request: 0.000153 seconds.
  path: Assets/Material/brown.mat
  artifactKey: Guid(df296e6795b20ab42a1850905484c67e) Importer(815301076,1909f56bfc062723c751e8b465ee728b)
Start importing Assets/Material/brown.mat using Guid(df296e6795b20ab42a1850905484c67e) Importer(815301076,1909f56bfc062723c751e8b465ee728b)  -> (artifact id: 'a3eba1da5e98d055ac8ddffd2d640c3d') in 0.008760 seconds
  Import took 0.013255 seconds .

========================================================================
Received Import Request.
  Time since last request: 0.000162 seconds.
  path: Assets/Material/blue.mat
  artifactKey: Guid(cfea793287b4bac449673f51ecaae8fc) Importer(815301076,1909f56bfc062723c751e8b465ee728b)
Start importing Assets/Material/blue.mat using Guid(cfea793287b4bac449673f51ecaae8fc) Importer(815301076,1909f56bfc062723c751e8b465ee728b)  -> (artifact id: 'f5948cf4e4d6f07e7f75264652bc3c5b') in 0.008307 seconds
  Import took 0.012786 seconds .

========================================================================
Received Import Request.
  Time since last request: 0.000141 seconds.
  path: Assets/Material/grey.mat
  artifactKey: Guid(ebdc9d253895f0242ab6b5d897ee5cd6) Importer(815301076,1909f56bfc062723c751e8b465ee728b)
Start importing Assets/Material/grey.mat using Guid(ebdc9d253895f0242ab6b5d897ee5cd6) Importer(815301076,1909f56bfc062723c751e8b465ee728b)  -> (artifact id: '13bd359cc0ef090208d16e609ec13cf9') in 0.009006 seconds
  Import took 0.013558 seconds .

========================================================================
Received Import Request.
  Time since last request: 0.000188 seconds.
  path: Assets/Material/green.mat
  artifactKey: Guid(df94b81960d443a42bc46f70f275da15) Importer(815301076,1909f56bfc062723c751e8b465ee728b)
Start importing Assets/Material/green.mat using Guid(df94b81960d443a42bc46f70f275da15) Importer(815301076,1909f56bfc062723c751e8b465ee728b)  -> (artifact id: '9da027b97127c979ec99d4d70deb61b4') in 0.008422 seconds
  Import took 0.013031 seconds .

========================================================================
Received Import Request.
  Time since last request: 0.000165 seconds.
  path: Assets/Material/lightblue.mat
  artifactKey: Guid(e7d817a9a765b2f4399316537cdf0d8c) Importer(815301076,1909f56bfc062723c751e8b465ee728b)
Start importing Assets/Material/lightblue.mat using Guid(e7d817a9a765b2f4399316537cdf0d8c) Importer(815301076,1909f56bfc062723c751e8b465ee728b)  -> (artifact id: 'c5f24a5b1fea93e5e4671dcd9e5d84b6') in 0.008171 seconds
  Import took 0.012235 seconds .

========================================================================
Received Import Request.
  Time since last request: 0.000162 seconds.
  path: Assets/Material/glass.mat
  artifactKey: Guid(e79898c34c4e08a4fbbe857dbc6098b4) Importer(815301076,1909f56bfc062723c751e8b465ee728b)
Start importing Assets/Material/glass.mat using Guid(e79898c34c4e08a4fbbe857dbc6098b4) Importer(815301076,1909f56bfc062723c751e8b465ee728b)  -> (artifact id: '2ca54424934780dfb71657b19143aed7') in 0.008344 seconds
  Import took 0.013318 seconds .

========================================================================
Received Import Request.
  Time since last request: 0.000186 seconds.
  path: Assets/Material/HandShader.mat
  artifactKey: Guid(cab6a387cd742ce4b9f8addd2ab3abf6) Importer(815301076,1909f56bfc062723c751e8b465ee728b)
Start importing Assets/Material/HandShader.mat using Guid(cab6a387cd742ce4b9f8addd2ab3abf6) Importer(815301076,1909f56bfc062723c751e8b465ee728b)  -> (artifact id: '2c544666a78ad180878e4c9178b7f1c0') in 0.005711 seconds
  Import took 0.010274 seconds .

========================================================================
Received Import Request.
  Time since last request: 0.000147 seconds.
  path: Assets/Material/black.mat
  artifactKey: Guid(cbce4a21a3ae94a40849e817af9e0cc9) Importer(815301076,1909f56bfc062723c751e8b465ee728b)
Start importing Assets/Material/black.mat using Guid(cbce4a21a3ae94a40849e817af9e0cc9) Importer(815301076,1909f56bfc062723c751e8b465ee728b)  -> (artifact id: '7a49748305958d18329a4cf0e5e9b15e') in 0.007787 seconds
  Import took 0.012477 seconds .

========================================================================
Received Prepare
Registering precompiled user dll's ...
Registered in 0.003782 seconds.
Begin MonoManager ReloadAssembly
Native extension for WindowsStandalone target not found
Refreshing native plugins compatible for Editor in 0.74 ms, found 8 plugins.
Preloading 1 native plugins for Editor in 0.08 ms.
NullReferenceException: Object reference not set to an instance of an object
  at Unity.XR.Oculus.OculusLoader.AssetPathToAbsolutePath (System.String assetPath) [0x00048] in C:\Users\Patricia\Documents\VR-recycling\Library\PackageCache\com.unity.xr.oculus@1.9.1\Runtime\OculusLoader.cs:249 
  at Unity.XR.Oculus.OculusLoader.EditorLoadOVRPlugin () [0x0007b] in C:\Users\Patricia\Documents\VR-recycling\Library\PackageCache\com.unity.xr.oculus@1.9.1\Runtime\OculusLoader.cs:234 

(Filename: Library/PackageCache/com.unity.xr.oculus@1.9.1/Runtime/OculusLoader.cs Line: 249)

Mono: successfully reloaded assembly
- Completed reload, in  0.793 seconds
Platform modules already initialized, skipping
Shader 'Universal Render Pipeline/Particles/Lit': fallback shader 'Universal Render Pipeline/Particles/SimpleLit' not found
Refreshing native plugins compatible for Editor in 0.75 ms, found 8 plugins.
Preloading 1 native plugins for Editor in 0.07 ms.
Unloading 2721 Unused Serialized files (Serialized files now loaded: 0)
System memory in use before: 127.9 MB.
System memory in use after: 128.1 MB.

Unloading 220 unused Assets to reduce memory usage. Loaded Objects now: 3504.
Total: 2.253700 ms (FindLiveObjects: 0.304300 ms CreateObjectMapping: 0.077500 ms MarkObjects: 1.762000 ms  DeleteObjects: 0.109100 ms)

========================================================================
Received Prepare
Registering precompiled user dll's ...
Registered in 0.004464 seconds.
Begin MonoManager ReloadAssembly
Native extension for WindowsStandalone target not found
Refreshing native plugins compatible for Editor in 0.84 ms, found 8 plugins.
Preloading 1 native plugins for Editor in 0.11 ms.
NullReferenceException: Object reference not set to an instance of an object
  at Unity.XR.Oculus.OculusLoader.AssetPathToAbsolutePath (System.String assetPath) [0x00048] in C:\Users\Patricia\Documents\VR-recycling\Library\PackageCache\com.unity.xr.oculus@1.9.1\Runtime\OculusLoader.cs:249 
  at Unity.XR.Oculus.OculusLoader.EditorLoadOVRPlugin () [0x0007b] in C:\Users\Patricia\Documents\VR-recycling\Library\PackageCache\com.unity.xr.oculus@1.9.1\Runtime\OculusLoader.cs:234 

(Filename: Library/PackageCache/com.unity.xr.oculus@1.9.1/Runtime/OculusLoader.cs Line: 249)

Mono: successfully reloaded assembly
- Completed reload, in  0.778 seconds
Platform modules already initialized, skipping
Shader 'Universal Render Pipeline/Particles/Lit': fallback shader 'Universal Render Pipeline/Particles/SimpleLit' not found
Refreshing native plugins compatible for Editor in 0.76 ms, found 8 plugins.
Preloading 1 native plugins for Editor in 0.07 ms.
Unloading 3128 Unused Serialized files (Serialized files now loaded: 0)
System memory in use before: 136.6 MB.
System memory in use after: 136.8 MB.

Unloading 21 unused Assets to reduce memory usage. Loaded Objects now: 3707.
Total: 2.367200 ms (FindLiveObjects: 0.338400 ms CreateObjectMapping: 0.081600 ms MarkObjects: 1.887800 ms  DeleteObjects: 0.058700 ms)

========================================================================
Received Import Request.
  Time since last request: 181.288959 seconds.
  path: Assets/Material/black 1.mat
  artifactKey: Guid(2cb6394cd112b6446bdf94c3d65c85c2) Importer(815301076,1909f56bfc062723c751e8b465ee728b)
Start importing Assets/Material/black 1.mat using Guid(2cb6394cd112b6446bdf94c3d65c85c2) Importer(815301076,1909f56bfc062723c751e8b465ee728b)  -> (artifact id: 'a28d9fc205036a3e0c8ef268a3853b56') in 0.049401 seconds
  Import took 0.054054 seconds .

========================================================================
Received Import Request.
  Time since last request: 0.000159 seconds.
  path: Assets/Material/glass 1.mat
  artifactKey: Guid(3addb184122b5c0408325573bcd14df1) Importer(815301076,1909f56bfc062723c751e8b465ee728b)
Start importing Assets/Material/glass 1.mat using Guid(3addb184122b5c0408325573bcd14df1) Importer(815301076,1909f56bfc062723c751e8b465ee728b)  -> (artifact id: '43b2e57cb7fbbb4bb6f14ad2301c5b73') in 0.008269 seconds
  Import took 0.012847 seconds .

========================================================================
Received Import Request.
  Time since last request: 0.000141 seconds.
  path: Assets/Material/yellow 1.mat
  artifactKey: Guid(e841e02ab9d0d1d4481ee7f5b6e56e61) Importer(815301076,1909f56bfc062723c751e8b465ee728b)
Start importing Assets/Material/yellow 1.mat using Guid(e841e02ab9d0d1d4481ee7f5b6e56e61) Importer(815301076,1909f56bfc062723c751e8b465ee728b)  -> (artifact id: '6d38103c0b17f4e89bc25bbb5757333b') in 0.007849 seconds
  Import took 0.011685 seconds .

========================================================================
Received Import Request.
  Time since last request: 0.000136 seconds.
  path: Assets/Material/brown 1.mat
  artifactKey: Guid(9fea79d37e3606c40b7fef3513ad8207) Importer(815301076,1909f56bfc062723c751e8b465ee728b)
Start importing Assets/Material/brown 1.mat using Guid(9fea79d37e3606c40b7fef3513ad8207) Importer(815301076,1909f56bfc062723c751e8b465ee728b)  -> (artifact id: '915a517eab8ad39c71d3de05c34ea8b7') in 0.007864 seconds
  Import took 0.011695 seconds .

========================================================================
Received Import Request.
  Time since last request: 0.000147 seconds.
  path: Assets/Material/white 1.mat
  artifactKey: Guid(6b8ff40a9da64fc43ab3c839e46ad360) Importer(815301076,1909f56bfc062723c751e8b465ee728b)
Start importing Assets/Material/white 1.mat using Guid(6b8ff40a9da64fc43ab3c839e46ad360) Importer(815301076,1909f56bfc062723c751e8b465ee728b)  -> (artifact id: '5075a0a565391b5b6cbf2e55a8ccfb1d') in 0.008854 seconds
  Import took 0.012792 seconds .

========================================================================
Received Import Request.
  Time since last request: 0.000170 seconds.
  path: Assets/Material/lightblue 1.mat
  artifactKey: Guid(dc21518505939d14e804f02acc4ccea0) Importer(815301076,1909f56bfc062723c751e8b465ee728b)
Start importing Assets/Material/lightblue 1.mat using Guid(dc21518505939d14e804f02acc4ccea0) Importer(815301076,1909f56bfc062723c751e8b465ee728b)  -> (artifact id: '8fede6ecad1b47a1deb55b60498c3ca3') in 0.008583 seconds
  Import took 0.012995 seconds .

========================================================================
Received Import Request.
  Time since last request: 0.000140 seconds.
  path: Assets/Material/grey 1.mat
  artifactKey: Guid(e1fffe389348b9a4c96e84acecfc70fb) Importer(815301076,1909f56bfc062723c751e8b465ee728b)
Start importing Assets/Material/grey 1.mat using Guid(e1fffe389348b9a4c96e84acecfc70fb) Importer(815301076,1909f56bfc062723c751e8b465ee728b)  -> (artifact id: '3bab95e919fdf6d73c7fd8efea4a3825') in 0.008658 seconds
  Import took 0.014064 seconds .

========================================================================
Received Import Request.
  Time since last request: 0.000127 seconds.
  path: Assets/Material/blue 1.mat
  artifactKey: Guid(53c8e436c2aaf384694e0a8601d5d89c) Importer(815301076,1909f56bfc062723c751e8b465ee728b)
Start importing Assets/Material/blue 1.mat using Guid(53c8e436c2aaf384694e0a8601d5d89c) Importer(815301076,1909f56bfc062723c751e8b465ee728b)  -> (artifact id: 'c8a8f6b9aeea8834f024e41d49b44164') in 0.009357 seconds
  Import took 0.013573 seconds .

AssetImportWorkerClient::OnTransportError - code=2 error=End of file
